[debug] [2021-05-25T20:51:06.428Z] ----------------------------------------------------------------------
[debug] [2021-05-25T20:51:06.428Z] Command:       C:\Program Files\nodejs\node.exe C:\Users\danie\AppData\Local\Yarn\Data\global\node_modules\firebase-tools\lib\bin\firebase.js emulators:start
[debug] [2021-05-25T20:51:06.428Z] CLI Version:   9.10.0
[debug] [2021-05-25T20:51:06.428Z] Platform:      win32
[debug] [2021-05-25T20:51:06.428Z] Node Version:  v14.0.0
[debug] [2021-05-25T20:51:06.428Z] Time:          Tue May 25 2021 16:51:06 GMT-0400 (Venezuela Time)
[debug] [2021-05-25T20:51:06.428Z] ----------------------------------------------------------------------
[debug] 
[debug] [2021-05-25T20:51:06.438Z] > command requires scopes: ["email","openid","https://www.googleapis.com/auth/cloudplatformprojects.readonly","https://www.googleapis.com/auth/firebase","https://www.googleapis.com/auth/cloud-platform"]
[debug] [2021-05-25T20:51:06.438Z] > authorizing via signed-in user (daniel.uzcategui@chopzi.com)
[info] i  emulators: Starting emulators: functions, firestore, hosting {"metadata":{"emulator":{"name":"hub"},"message":"Starting emulators: functions, firestore, hosting"}}
[debug] [2021-05-25T20:51:08.517Z] [hub] writing locator at C:\Users\danie\AppData\Local\Temp\hub-chopzi-production.json
[warn] !  functions: The following emulators are not running, calls to these services from the Functions emulator will affect production: auth, database, pubsub {"metadata":{"emulator":{"name":"functions"},"message":"The following emulators are not running, calls to these services from the Functions emulator will affect production: \u001b[1mauth, database, pubsub\u001b[22m"}}
[info] +  functions: Using node@14 from host. {"metadata":{"emulator":{"name":"functions"},"message":"Using node@14 from host."}}
[debug] [2021-05-25T20:51:10.602Z] defaultcredentials: writing to file C:\Users\danie\AppData\Roaming\firebase\daniel_uzcategui_chopzi.com_application_default_credentials.json
[debug] [2021-05-25T20:51:10.606Z] Setting GAC to C:\Users\danie\AppData\Roaming\firebase\daniel_uzcategui_chopzi.com_application_default_credentials.json {"metadata":{"emulator":{"name":"functions"},"message":"Setting GAC to C:\\Users\\danie\\AppData\\Roaming\\firebase\\daniel_uzcategui_chopzi.com_application_default_credentials.json"}}
[debug] [2021-05-25T20:51:10.610Z] >>> [apiv2][query] GET https://firebase.googleapis.com/v1beta1/projects/chopzi-production/adminSdkConfig [none]
[debug] [2021-05-25T20:51:12.358Z] <<< [apiv2][status] GET https://firebase.googleapis.com/v1beta1/projects/chopzi-production/adminSdkConfig 200
[debug] [2021-05-25T20:51:12.358Z] <<< [apiv2][body] GET https://firebase.googleapis.com/v1beta1/projects/chopzi-production/adminSdkConfig {"projectId":"chopzi-production","storageBucket":"chopzi-production.appspot.com","locationId":"us-central"}
[debug] [2021-05-25T20:51:14.408Z] Ignoring unsupported arg: projectId {"metadata":{"emulator":{"name":"firestore"},"message":"Ignoring unsupported arg: projectId"}}
[debug] [2021-05-25T20:51:14.408Z] Ignoring unsupported arg: auto_download {"metadata":{"emulator":{"name":"firestore"},"message":"Ignoring unsupported arg: auto_download"}}
[debug] [2021-05-25T20:51:14.408Z] Starting Firestore Emulator with command {"binary":"java","args":["-Dgoogle.cloud_firestore.debug_log_level=FINE","-Duser.language=en","-jar","C:\\Users\\danie\\.cache\\firebase\\emulators\\cloud-firestore-emulator-v1.11.14.jar","--host","localhost","--port",8080,"--rules","C:\\Users\\danie\\Documents\\Projects\\Restaurant-Test\\Restaurant-Apps\\RestaurantApps\\App\\RestaurantAdmin\\firestore.rules","--functions_emulator","localhost:5001"],"optionalArgs":["port","webchannel_port","host","rules","functions_emulator","seed_from_export"],"joinArgs":false} {"metadata":{"emulator":{"name":"firestore"},"message":"Starting Firestore Emulator with command {\"binary\":\"java\",\"args\":[\"-Dgoogle.cloud_firestore.debug_log_level=FINE\",\"-Duser.language=en\",\"-jar\",\"C:\\\\Users\\\\danie\\\\.cache\\\\firebase\\\\emulators\\\\cloud-firestore-emulator-v1.11.14.jar\",\"--host\",\"localhost\",\"--port\",8080,\"--rules\",\"C:\\\\Users\\\\danie\\\\Documents\\\\Projects\\\\Restaurant-Test\\\\Restaurant-Apps\\\\RestaurantApps\\\\App\\\\RestaurantAdmin\\\\firestore.rules\",\"--functions_emulator\",\"localhost:5001\"],\"optionalArgs\":[\"port\",\"webchannel_port\",\"host\",\"rules\",\"functions_emulator\",\"seed_from_export\"],\"joinArgs\":false}"}}
[info] i  firestore: Firestore Emulator logging to firestore-debug.log {"metadata":{"emulator":{"name":"firestore"},"message":"Firestore Emulator logging to \u001b[1mfirestore-debug.log\u001b[22m"}}
[debug] [2021-05-25T20:51:16.535Z] May 25, 2021 4:51:16 PM com.google.cloud.datastore.emulator.firestore.websocket.WebSocketServer start
INFO: Started WebSocket server on ws://localhost:51605
 {"metadata":{"emulator":{"name":"firestore"},"message":"May 25, 2021 4:51:16 PM com.google.cloud.datastore.emulator.firestore.websocket.WebSocketServer start\r\nINFO: Started WebSocket server on ws://localhost:51605\r\n"}}
[debug] [2021-05-25T20:51:16.566Z] API endpoint: http://localhost: {"metadata":{"emulator":{"name":"firestore"},"message":"API endpoint: http://localhost:"}}
[debug] [2021-05-25T20:51:16.566Z] 8080
If you are using a library that supports the FIRESTORE_EMULATOR_HOST environment variable, run:

   export FIRESTORE_EMULATOR_HOST=localhost:8080

Dev App Server is now running.

 {"metadata":{"emulator":{"name":"firestore"},"message":"8080\nIf you are using a library that supports the FIRESTORE_EMULATOR_HOST environment variable, run:\r\n\n   export FIRESTORE_EMULATOR_HOST=localhost:8080\n\nDev App Server is now running.\n\r\n"}}
[debug] [2021-05-25T20:51:18.764Z] >>> [apiv2][query] GET https://firebase.googleapis.com/v1beta1/projects/chopzi-production/webApps/-/config [none]
[debug] [2021-05-25T20:51:19.366Z] <<< [apiv2][status] GET https://firebase.googleapis.com/v1beta1/projects/chopzi-production/webApps/-/config 200
[debug] [2021-05-25T20:51:19.366Z] <<< [apiv2][body] GET https://firebase.googleapis.com/v1beta1/projects/chopzi-production/webApps/-/config {"projectId":"chopzi-production","storageBucket":"chopzi-production.appspot.com","locationId":"us-central","apiKey":"AIzaSyBFSYXSMhNj5QUpIJ0P5Xaxnito1BJqnrU","authDomain":"chopzi-production.firebaseapp.com","messagingSenderId":"487244630627"}
[info] i  hosting[admin]: Serving hosting files from: dist/pwa {"metadata":{"emulator":{"name":"hosting"},"message":"Serving hosting files from: \u001b[1mdist/pwa\u001b[22m"}}
[info] +  hosting[admin]: Local server: http://localhost:5000 {"metadata":{"emulator":{"name":"hosting"},"message":"Local server: \u001b[4m\u001b[1mhttp://localhost:5000\u001b[22m\u001b[24m"}}
[debug] [2021-05-25T20:51:23.468Z] Ignoring unsupported arg: auto_download {"metadata":{"emulator":{"name":"ui"},"message":"Ignoring unsupported arg: auto_download"}}
[debug] [2021-05-25T20:51:23.468Z] Ignoring unsupported arg: port {"metadata":{"emulator":{"name":"ui"},"message":"Ignoring unsupported arg: port"}}
[debug] [2021-05-25T20:51:23.468Z] Starting Emulator UI with command {"binary":"node","args":["C:\\Users\\danie\\.cache\\firebase\\emulators\\ui-v1.4.2\\server.bundle.js"],"optionalArgs":[],"joinArgs":false} {"metadata":{"emulator":{"name":"ui"},"message":"Starting Emulator UI with command {\"binary\":\"node\",\"args\":[\"C:\\\\Users\\\\danie\\\\.cache\\\\firebase\\\\emulators\\\\ui-v1.4.2\\\\server.bundle.js\"],\"optionalArgs\":[],\"joinArgs\":false}"}}
[info] i  ui: Emulator UI logging to ui-debug.log {"metadata":{"emulator":{"name":"ui"},"message":"Emulator UI logging to \u001b[1mui-debug.log\u001b[22m"}}
[debug] [2021-05-25T20:51:23.637Z] Web / API server started at http://localhost:4000
 {"metadata":{"emulator":{"name":"ui"},"message":"Web / API server started at http://localhost:4000\n"}}
[info] i  functions: Watching "C:\Users\danie\Documents\Projects\Restaurant-Test\Restaurant-Apps\RestaurantApps\App\RestaurantAdmin\functions" for Cloud Functions... {"metadata":{"emulator":{"name":"functions"},"message":"Watching \"C:\\Users\\danie\\Documents\\Projects\\Restaurant-Test\\Restaurant-Apps\\RestaurantApps\\App\\RestaurantAdmin\\functions\" for Cloud Functions..."}}
[debug] [2021-05-25T20:51:24.007Z] [worker-pool] addWorker(~diagnostic~) {"metadata":{"emulator":{"name":"functions"},"message":"[worker-pool] addWorker(~diagnostic~)"}}
[debug] [2021-05-25T20:51:24.007Z] [worker-pool] Adding worker with key ~diagnostic~, total=1 {"metadata":{"emulator":{"name":"functions"},"message":"[worker-pool] Adding worker with key ~diagnostic~, total=1"}}
[debug] [2021-05-25T20:51:24.007Z] [worker-pool] submitWork(triggerId=) {"metadata":{"emulator":{"name":"functions"},"message":"[worker-pool] submitWork(triggerId=)"}}
[debug] [2021-05-25T20:51:24.007Z] [worker-~diagnostic~-62762bd5-92c2-4f21-8bdb-30b1eeb4e940]: Assigning socketPath: \\?\pipe\C:\Users\danie\Documents\Projects\Restaurant-Test\Restaurant-Apps\RestaurantApps\App\RestaurantAdmin\functions\15364 {"metadata":{"emulator":{"name":"functions"},"message":"[worker-~diagnostic~-62762bd5-92c2-4f21-8bdb-30b1eeb4e940]: Assigning socketPath: \\\\?\\pipe\\C:\\Users\\danie\\Documents\\Projects\\Restaurant-Test\\Restaurant-Apps\\RestaurantApps\\App\\RestaurantAdmin\\functions\\15364"}}
[debug] [2021-05-25T20:51:24.007Z] [worker-~diagnostic~-62762bd5-92c2-4f21-8bdb-30b1eeb4e940]: BUSY {"metadata":{"emulator":{"name":"functions"},"message":"[worker-~diagnostic~-62762bd5-92c2-4f21-8bdb-30b1eeb4e940]: BUSY"}}
[debug] [2021-05-25T20:51:24.339Z] [runtime-status] [15364] Functions runtime initialized. {"cwd":"C:\\Users\\danie\\Documents\\Projects\\Restaurant-Test\\Restaurant-Apps\\RestaurantApps\\App\\RestaurantAdmin\\functions","node_version":"14.0.0"} {"metadata":{"emulator":{"name":"functions"},"message":"[runtime-status] [15364] Functions runtime initialized. {\"cwd\":\"C:\\\\Users\\\\danie\\\\Documents\\\\Projects\\\\Restaurant-Test\\\\Restaurant-Apps\\\\RestaurantApps\\\\App\\\\RestaurantAdmin\\\\functions\",\"node_version\":\"14.0.0\"}"}}
[debug] [2021-05-25T20:51:24.339Z] [runtime-status] [15364] Disabled runtime features: undefined {"metadata":{"emulator":{"name":"functions"},"message":"[runtime-status] [15364] Disabled runtime features: undefined"}}
[debug] [2021-05-25T20:51:24.339Z] [runtime-status] [15364] Resolved module firebase-admin {"declared":true,"installed":true,"version":"8.13.0","resolution":"C:\\Users\\danie\\Documents\\Projects\\Restaurant-Test\\Restaurant-Apps\\RestaurantApps\\App\\RestaurantAdmin\\functions\\node_modules\\firebase-admin\\lib\\index.js"} {"metadata":{"emulator":{"name":"functions"},"message":"[runtime-status] [15364] Resolved module firebase-admin {\"declared\":true,\"installed\":true,\"version\":\"8.13.0\",\"resolution\":\"C:\\\\Users\\\\danie\\\\Documents\\\\Projects\\\\Restaurant-Test\\\\Restaurant-Apps\\\\RestaurantApps\\\\App\\\\RestaurantAdmin\\\\functions\\\\node_modules\\\\firebase-admin\\\\lib\\\\index.js\"}"}}
[debug] [2021-05-25T20:51:24.339Z] [runtime-status] [15364] Resolved module firebase-functions {"declared":true,"installed":true,"version":"3.13.2","resolution":"C:\\Users\\danie\\Documents\\Projects\\Restaurant-Test\\Restaurant-Apps\\RestaurantApps\\App\\RestaurantAdmin\\functions\\node_modules\\firebase-functions\\lib\\index.js"} {"metadata":{"emulator":{"name":"functions"},"message":"[runtime-status] [15364] Resolved module firebase-functions {\"declared\":true,\"installed\":true,\"version\":\"3.13.2\",\"resolution\":\"C:\\\\Users\\\\danie\\\\Documents\\\\Projects\\\\Restaurant-Test\\\\Restaurant-Apps\\\\RestaurantApps\\\\App\\\\RestaurantAdmin\\\\functions\\\\node_modules\\\\firebase-functions\\\\lib\\\\index.js\"}"}}
[debug] [2021-05-25T20:51:24.355Z] [runtime-status] [15364] Resolved module firebase-functions {"declared":true,"installed":true,"version":"3.13.2","resolution":"C:\\Users\\danie\\Documents\\Projects\\Restaurant-Test\\Restaurant-Apps\\RestaurantApps\\App\\RestaurantAdmin\\functions\\node_modules\\firebase-functions\\lib\\index.js"} {"metadata":{"emulator":{"name":"functions"},"message":"[runtime-status] [15364] Resolved module firebase-functions {\"declared\":true,\"installed\":true,\"version\":\"3.13.2\",\"resolution\":\"C:\\\\Users\\\\danie\\\\Documents\\\\Projects\\\\Restaurant-Test\\\\Restaurant-Apps\\\\RestaurantApps\\\\App\\\\RestaurantAdmin\\\\functions\\\\node_modules\\\\firebase-functions\\\\lib\\\\index.js\"}"}}
[debug] [2021-05-25T20:51:24.355Z] [runtime-status] [15364] Outgoing network have been stubbed. [{"name":"http","status":"mocked"},{"name":"http","status":"mocked"},{"name":"https","status":"mocked"},{"name":"https","status":"mocked"},{"name":"net","status":"mocked"}] {"metadata":{"emulator":{"name":"functions"},"message":"[runtime-status] [15364] Outgoing network have been stubbed. [{\"name\":\"http\",\"status\":\"mocked\"},{\"name\":\"http\",\"status\":\"mocked\"},{\"name\":\"https\",\"status\":\"mocked\"},{\"name\":\"https\",\"status\":\"mocked\"},{\"name\":\"net\",\"status\":\"mocked\"}]"}}
[debug] [2021-05-25T20:51:24.355Z] [runtime-status] [15364] Resolved module firebase-functions {"declared":true,"installed":true,"version":"3.13.2","resolution":"C:\\Users\\danie\\Documents\\Projects\\Restaurant-Test\\Restaurant-Apps\\RestaurantApps\\App\\RestaurantAdmin\\functions\\node_modules\\firebase-functions\\lib\\index.js"} {"metadata":{"emulator":{"name":"functions"},"message":"[runtime-status] [15364] Resolved module firebase-functions {\"declared\":true,\"installed\":true,\"version\":\"3.13.2\",\"resolution\":\"C:\\\\Users\\\\danie\\\\Documents\\\\Projects\\\\Restaurant-Test\\\\Restaurant-Apps\\\\RestaurantApps\\\\App\\\\RestaurantAdmin\\\\functions\\\\node_modules\\\\firebase-functions\\\\lib\\\\index.js\"}"}}
[debug] [2021-05-25T20:51:24.417Z] [runtime-status] [15364] Checked functions.config() {"config":{}} {"metadata":{"emulator":{"name":"functions"},"message":"[runtime-status] [15364] Checked functions.config() {\"config\":{}}"}}
[debug] [2021-05-25T20:51:24.417Z] [runtime-status] [15364] firebase-functions has been stubbed. {"functionsResolution":{"declared":true,"installed":true,"version":"3.13.2","resolution":"C:\\Users\\danie\\Documents\\Projects\\Restaurant-Test\\Restaurant-Apps\\RestaurantApps\\App\\RestaurantAdmin\\functions\\node_modules\\firebase-functions\\lib\\index.js"}} {"metadata":{"emulator":{"name":"functions"},"message":"[runtime-status] [15364] firebase-functions has been stubbed. {\"functionsResolution\":{\"declared\":true,\"installed\":true,\"version\":\"3.13.2\",\"resolution\":\"C:\\\\Users\\\\danie\\\\Documents\\\\Projects\\\\Restaurant-Test\\\\Restaurant-Apps\\\\RestaurantApps\\\\App\\\\RestaurantAdmin\\\\functions\\\\node_modules\\\\firebase-functions\\\\lib\\\\index.js\"}}"}}
[debug] [2021-05-25T20:51:24.417Z] [runtime-status] [15364] Resolved module firebase-functions {"declared":true,"installed":true,"version":"3.13.2","resolution":"C:\\Users\\danie\\Documents\\Projects\\Restaurant-Test\\Restaurant-Apps\\RestaurantApps\\App\\RestaurantAdmin\\functions\\node_modules\\firebase-functions\\lib\\index.js"} {"metadata":{"emulator":{"name":"functions"},"message":"[runtime-status] [15364] Resolved module firebase-functions {\"declared\":true,\"installed\":true,\"version\":\"3.13.2\",\"resolution\":\"C:\\\\Users\\\\danie\\\\Documents\\\\Projects\\\\Restaurant-Test\\\\Restaurant-Apps\\\\RestaurantApps\\\\App\\\\RestaurantAdmin\\\\functions\\\\node_modules\\\\firebase-functions\\\\lib\\\\index.js\"}"}}
[debug] [2021-05-25T20:51:24.417Z] [runtime-status] [15364] Resolved module firebase-admin {"declared":true,"installed":true,"version":"8.13.0","resolution":"C:\\Users\\danie\\Documents\\Projects\\Restaurant-Test\\Restaurant-Apps\\RestaurantApps\\App\\RestaurantAdmin\\functions\\node_modules\\firebase-admin\\lib\\index.js"} {"metadata":{"emulator":{"name":"functions"},"message":"[runtime-status] [15364] Resolved module firebase-admin {\"declared\":true,\"installed\":true,\"version\":\"8.13.0\",\"resolution\":\"C:\\\\Users\\\\danie\\\\Documents\\\\Projects\\\\Restaurant-Test\\\\Restaurant-Apps\\\\RestaurantApps\\\\App\\\\RestaurantAdmin\\\\functions\\\\node_modules\\\\firebase-admin\\\\lib\\\\index.js\"}"}}
[debug] [2021-05-25T20:51:24.417Z] [runtime-status] [15364] Resolved module firebase-functions {"declared":true,"installed":true,"version":"3.13.2","resolution":"C:\\Users\\danie\\Documents\\Projects\\Restaurant-Test\\Restaurant-Apps\\RestaurantApps\\App\\RestaurantAdmin\\functions\\node_modules\\firebase-functions\\lib\\index.js"} {"metadata":{"emulator":{"name":"functions"},"message":"[runtime-status] [15364] Resolved module firebase-functions {\"declared\":true,\"installed\":true,\"version\":\"3.13.2\",\"resolution\":\"C:\\\\Users\\\\danie\\\\Documents\\\\Projects\\\\Restaurant-Test\\\\Restaurant-Apps\\\\RestaurantApps\\\\App\\\\RestaurantAdmin\\\\functions\\\\node_modules\\\\firebase-functions\\\\lib\\\\index.js\"}"}}
[debug] [2021-05-25T20:51:24.417Z] [runtime-status] [15364] firebase-admin has been stubbed. {"adminResolution":{"declared":true,"installed":true,"version":"8.13.0","resolution":"C:\\Users\\danie\\Documents\\Projects\\Restaurant-Test\\Restaurant-Apps\\RestaurantApps\\App\\RestaurantAdmin\\functions\\node_modules\\firebase-admin\\lib\\index.js"}} {"metadata":{"emulator":{"name":"functions"},"message":"[runtime-status] [15364] firebase-admin has been stubbed. {\"adminResolution\":{\"declared\":true,\"installed\":true,\"version\":\"8.13.0\",\"resolution\":\"C:\\\\Users\\\\danie\\\\Documents\\\\Projects\\\\Restaurant-Test\\\\Restaurant-Apps\\\\RestaurantApps\\\\App\\\\RestaurantAdmin\\\\functions\\\\node_modules\\\\firebase-admin\\\\lib\\\\index.js\"}}"}}
[debug] [2021-05-25T20:51:24.417Z] [runtime-status] [15364] initializeApp(DEFAULT) {"storageBucket":"chopzi-production.appspot.com","projectId":"chopzi-production"} {"metadata":{"emulator":{"name":"functions"},"message":"[runtime-status] [15364] initializeApp(DEFAULT) {\"storageBucket\":\"chopzi-production.appspot.com\",\"projectId\":\"chopzi-production\"}"}}
[debug] [2021-05-25T20:51:25.031Z] addFirestoreTrigger "{\"eventTrigger\":{\"resource\":\"projects/chopzi-production/databases/(default)/documents/ambiente/{ambiente}/orders/{ordersId}\",\"eventType\":\"providers/cloud.firestore/eventTypes/document.create\",\"service\":\"firestore.googleapis.com\"}}"
[debug] [2021-05-25T20:51:25.032Z] >>> HTTP REQUEST PUT http://localhost:8080/emulator/v1/projects/chopzi-production/triggers/CheckCart-0  
 {"eventTrigger":{"resource":"projects/chopzi-production/databases/(default)/documents/ambiente/{ambiente}/orders/{ordersId}","eventType":"providers/cloud.firestore/eventTypes/document.create","service":"firestore.googleapis.com"}}
[debug] [2021-05-25T20:51:25.035Z] [worker-~diagnostic~-62762bd5-92c2-4f21-8bdb-30b1eeb4e940]: IDLE {"metadata":{"emulator":{"name":"functions"},"message":"[worker-~diagnostic~-62762bd5-92c2-4f21-8bdb-30b1eeb4e940]: IDLE"}}
[debug] [2021-05-25T20:51:25.042Z] May 25, 2021 4:51:25 PM io.gapi.emulators.netty.HttpVersionRoutingHandler channelRead
INFO: Detected non-HTTP/2 connection.
 {"metadata":{"emulator":{"name":"firestore"},"message":"May 25, 2021 4:51:25 PM io.gapi.emulators.netty.HttpVersionRoutingHandler channelRead\r\nINFO: Detected non-HTTP/2 connection.\r\n"}}
[debug] [2021-05-25T20:51:25.203Z] May 25, 2021 4:51:25 PM io.gapi.emulators.netty.HttpVersionRoutingHandler channelRead
INFO: Detected HTTP/2 connection.
 {"metadata":{"emulator":{"name":"firestore"},"message":"May 25, 2021 4:51:25 PM io.gapi.emulators.netty.HttpVersionRoutingHandler channelRead\r\nINFO: Detected HTTP/2 connection.\r\n"}}
[debug] [2021-05-25T20:51:26.116Z] <<< HTTP RESPONSE 200 {"content-type":"application/json","content-length":"4"}
[info] +  functions[CheckCart]: firestore function initialized. {"metadata":{"emulator":{"name":"functions"},"message":"\u001b[1mfirestore\u001b[22m function initialized."}}
[debug] [2021-05-25T20:51:26.128Z] addFirestoreTrigger "{\"eventTrigger\":{\"resource\":\"projects/chopzi-production/databases/(default)/documents/ambiente/{ambiente}/users/{userId}\",\"eventType\":\"providers/cloud.firestore/eventTypes/document.create\",\"service\":\"firestore.googleapis.com\"}}"
[debug] [2021-05-25T20:51:26.129Z] >>> HTTP REQUEST PUT http://localhost:8080/emulator/v1/projects/chopzi-production/triggers/FirstUser-0  
 {"eventTrigger":{"resource":"projects/chopzi-production/databases/(default)/documents/ambiente/{ambiente}/users/{userId}","eventType":"providers/cloud.firestore/eventTypes/document.create","service":"firestore.googleapis.com"}}
[debug] [2021-05-25T20:51:26.132Z] May 25, 2021 4:51:26 PM io.gapi.emulators.netty.HttpVersionRoutingHandler channelRead
INFO: Detected non-HTTP/2 connection.
 {"metadata":{"emulator":{"name":"firestore"},"message":"May 25, 2021 4:51:26 PM io.gapi.emulators.netty.HttpVersionRoutingHandler channelRead\r\nINFO: Detected non-HTTP/2 connection.\r\n"}}
[debug] [2021-05-25T20:51:26.148Z] <<< HTTP RESPONSE 200 {"content-type":"application/json","content-length":"4"}
[info] +  functions[FirstUser]: firestore function initialized. {"metadata":{"emulator":{"name":"functions"},"message":"\u001b[1mfirestore\u001b[22m function initialized."}}
[debug] [2021-05-25T20:51:26.148Z] addFirestoreTrigger "{\"eventTrigger\":{\"resource\":\"projects/chopzi-production/databases/(default)/documents/ambiente/{ambiente}/orders/{ordersId}\",\"eventType\":\"providers/cloud.firestore/eventTypes/document.create\",\"service\":\"firestore.googleapis.com\"}}"
[debug] [2021-05-25T20:51:26.148Z] >>> HTTP REQUEST PUT http://localhost:8080/emulator/v1/projects/chopzi-production/triggers/facturasSequence-0  
 {"eventTrigger":{"resource":"projects/chopzi-production/databases/(default)/documents/ambiente/{ambiente}/orders/{ordersId}","eventType":"providers/cloud.firestore/eventTypes/document.create","service":"firestore.googleapis.com"}}
[debug] [2021-05-25T20:51:26.154Z] May 25, 2021 4:51:26 PM io.gapi.emulators.netty.HttpVersionRoutingHandler channelRead
INFO: Detected non-HTTP/2 connection.
 {"metadata":{"emulator":{"name":"firestore"},"message":"May 25, 2021 4:51:26 PM io.gapi.emulators.netty.HttpVersionRoutingHandler channelRead\r\nINFO: Detected non-HTTP/2 connection.\r\n"}}
[debug] [2021-05-25T20:51:26.154Z] <<< HTTP RESPONSE 200 {"content-type":"application/json","content-length":"4"}
[info] +  functions[facturasSequence]: firestore function initialized. {"metadata":{"emulator":{"name":"functions"},"message":"\u001b[1mfirestore\u001b[22m function initialized."}}
[debug] [2021-05-25T20:51:26.169Z] addFirestoreTrigger "{\"eventTrigger\":{\"resource\":\"projects/chopzi-production/databases/(default)/documents/ambiente/{ambiente}/orders/{ordersId}\",\"eventType\":\"providers/cloud.firestore/eventTypes/document.update\",\"service\":\"firestore.googleapis.com\"}}"
[debug] [2021-05-25T20:51:26.169Z] >>> HTTP REQUEST PUT http://localhost:8080/emulator/v1/projects/chopzi-production/triggers/RewardsPoints-0  
 {"eventTrigger":{"resource":"projects/chopzi-production/databases/(default)/documents/ambiente/{ambiente}/orders/{ordersId}","eventType":"providers/cloud.firestore/eventTypes/document.update","service":"firestore.googleapis.com"}}
[debug] [2021-05-25T20:51:26.177Z] May 25, 2021 4:51:26 PM io.gapi.emulators.netty.HttpVersionRoutingHandler channelRead
INFO: Detected non-HTTP/2 connection.
 {"metadata":{"emulator":{"name":"firestore"},"message":"May 25, 2021 4:51:26 PM io.gapi.emulators.netty.HttpVersionRoutingHandler channelRead\r\nINFO: Detected non-HTTP/2 connection.\r\n"}}
[debug] [2021-05-25T20:51:26.187Z] <<< HTTP RESPONSE 200 {"content-type":"application/json","content-length":"4"}
[info] +  functions[RewardsPoints]: firestore function initialized. {"metadata":{"emulator":{"name":"functions"},"message":"\u001b[1mfirestore\u001b[22m function initialized."}}
[info] +  functions[sendMessage]: http function initialized (http://localhost:5001/chopzi-production/us-central1/sendMessage). {"metadata":{"emulator":{"name":"functions"},"message":"\u001b[1mhttp\u001b[22m function initialized (http://localhost:5001/chopzi-production/us-central1/sendMessage)."}}
[info] 
┌─────────────────────────────────────────────────────────────┐
│ ✔  All emulators ready! It is now safe to connect your app. │
│ i  View Emulator UI at http://localhost:4000                │
└─────────────────────────────────────────────────────────────┘

┌───────────┬────────────────┬─────────────────────────────────┐
│ Emulator  │ Host:Port      │ View in Emulator UI             │
├───────────┼────────────────┼─────────────────────────────────┤
│ Functions │ localhost:5001 │ http://localhost:4000/functions │
├───────────┼────────────────┼─────────────────────────────────┤
│ Firestore │ localhost:8080 │ http://localhost:4000/firestore │
├───────────┼────────────────┼─────────────────────────────────┤
│ Hosting   │ localhost:5000 │ n/a                             │
└───────────┴────────────────┴─────────────────────────────────┘
  Emulator Hub running at localhost:4400
  Other reserved ports: 4500

Issues? Report them at https://github.com/firebase/firebase-tools/issues and attach the *-debug.log files.
 
